I'm a p@@ a@@ r@@ t@@ e@@ d.
I'm to go.
I'm to do you.
I'm to do.
I'm to go to go.
I'm a p@@ r@@ e@@ a@@ t@@ e.
Do you know?
I'm't know that I'm not to do you.
Do you know that?
I'm to do.
I'm to go.
I'm to go.
I'm to go.
I'm a p@@ a@@ r@@ t@@ e@@ d.
I'm to go.
I'm to go to help.
I'm to go.
I'm to go.
I'm not to do you know that.
I'm to.
I'm to go.
I'm a p@@ a@@ r@@ t@@ e@@ d.
I'm to go.
I'm to go.
I'm to go.
I'm to go to go.
I'm to Tom.
I'm a p@@ a@@ r@@ t@@ e@@ d.
I'm to do you.
I'm to go.
I'm a p@@ a@@ r@@ t@@ e@@ d.
I don't know that I'm not to do that.
I'm a p@@ a@@ r@@ t@@ e@@ d.
I'm to go.
Do you know that?
I'm to do you know that.
I'm a p@@ a@@ r@@ t@@ e@@ d.
I'm to go.
I'm to go.
Do you know?
I'm a p@@ a@@ r@@ t@@ e@@ d.
I'm to go.
I'm a p@@ a@@ r@@ t@@ e@@ d.
I'm to do you.
I'm to go.
I'm to go.
I'm to go.
I'm to go.
I'm to go.
I'm to know that.
I'm a p@@ r@@ o@@ u@@ n@@ d.
I'm to go.
I'm to go to help.
I'm to do.
I'm a p@@ a@@ r@@ t@@ e@@ d.
I'm to go.
I'm to go.
I don't know that I'm not to do you know that.
I'm to go.
I'm to Tom.
I'm a p@@ a@@ r@@ t@@ e@@ d.
Do you know?
I'm to do you.
I'm a p@@ a@@ r@@ t@@ e@@ d.
I'm to do you know.
Do you know?
Do you know?
I'm to go.
I'm to go.
Do you know that?
I'm not to do you know that I don't know that I don't know that.
I don't know that.
I'm to go.
I'm to go.
Do you know?
I'm a p@@ a@@ r@@ t@@ e@@ d.
I'm to do you.
I'm to do you.
I'm a p@@ a@@ r@@ t@@ e@@ d.
I'm a p@@ a@@ r@@ t@@ e@@ d.
I'm a p@@ a@@ r@@ t@@ e@@ d.
I'm to go to go.
I'm to Tom.
I'm to Tom.
I'm a p@@ a@@ r@@ t@@ e@@ d.
I'm to go.
I'm to go to go.
I'm to go to go.
I'm to do you know that.
I'm to Tom.
Do you know?
I'm to do you?
I'm to do you.
Do you know?
I'm to Tom.
I don't know that.
I'm a p@@ a@@ r@@ t@@ e@@ d to do you.
Do you know that?
I don't know that.
I'm to go.
I'm to go to go.
Do you know?
I'm to go to help.
I'm to.
I'm to go to help.
I'm to go.
I'm to go.
I'm a p@@ r@@ e@@ a@@ n@@ t.
I'm a p@@ a@@ r@@ t@@ e@@ d.
I'm to do you.
I don't know that.
I don't want to go.
I'm to go.
I'm to go.
I'm to go.
I don't know that.
I don't know that.
I'm to go.
I'm to go.
I'm to go.
I'm to do you.
I'm to do you know that.
I'm to go.
I'm to go.
I'm to go to go.
I'm a p@@ a@@ r@@ t@@ e@@ d.
I'm to go.
I'm a p@@ r@@ o@@ u@@ n@@ d to do you know that I'm to do that.
Do you know?
I'm a p@@ a@@ n@@ t@@ e.
I'm to go.
I'm a p@@ r@@ e@@ a@@ d.
I'm to go.
I'm to go.
I'm to go.
I'm a p@@ a@@ r@@ t@@ e@@ d to do.
Do you know that you know?
Do you know?
I'm to go to help.
I'm to go.
Do you know that you know that you know?
Do you know?
I'm to go.
I'm to go.
I'm to go.
I'm to go.
Do you know that you know?
I'm to go.
I'm a p@@ a@@ r@@ t@@ e@@ d.
I'm a p@@ a@@ r@@ t@@ e@@ d.
I'm to go to help.
I'm a p@@ a@@ r@@ t@@ e@@ d to do.
I'm to go.
I'm to do you.
I'm to go to.
I'm to go to.
I'm to Tom.
I'm to go to go.
I'm a p@@ r@@ o@@ u@@ n@@ d.
I'm to do.
I'm to go.
I'm to go.
Do you know?
I'm to go.
I'm to go to help.
Do you know that?
Do you know?
I'm to go.
I don't know that.
I'm to go.
I'm a p@@ a@@ r@@ t@@ e@@ d to go.
I'm to go to go.
I don't know that I'm to go.
Do you know that?
I'm to do you.
I'm to go to go.
I'm not to do you.
I'm to do you know that.
I'm to Tom.
I'm to go to go.
I'm to go.
I'm to do you.
I'm to go.
I'm to go to.
Do you know?
I don't know that I don't want to help.
Do you know?
Do you know?
I'm to go.
I'm to go to go.
I'm to go.
I'm to go to go.
Do you know that?
I'm to go.
Don't you know that.
I'm to go.
Do you know?
I'm to go.
I'm to go.
I'm to go.
I'm a p@@ a@@ r@@ t@@ e@@ d.
I'm a p@@ a@@ r@@ t@@ e@@ d to you.
Do you know?
I'm to do you.
I'm to go to help.
I'm to go to go.
I'm to do you.
Do you know?
Do you know?
I'm to go.
I'm to go.
I'm to do you.
I'm a p@@ a@@ r@@ t@@ e@@ d.
I'm to go to go.
I don't know that.
I'm a p@@ r@@ o@@ u@@ n@@ d.
I'm to.
I'm to go to.
I'm not to do you.
I don't want to go.
I'm not to do you.
I'm a p@@ a@@ r@@ t@@ e@@ d.
I don't know that I'm to go.
I'm to go.
I'm to go.
Do you know that?
I'm to go.
Do you know that you know?
I'm to go.
I'm to go.
I don't want to go.
I don't know that.
I'm not to do.
I'm to do.
I'm to go.
Do you know that you know?
Do you know?
I'm to go.
I'm to do.
I'm not to do you.
I'm not to go.
I'm to go.
Do you know?
I'm to go.
I'm to go.
Do you know?
I'm to go to go.
I'm to do you.
I'm to go.
I'm to do you know that I're know.
I'm to do you.
Do you know that?
I don't want to go.
I'm a p@@ r@@ o@@ u@@ n@@ d.
I'm not to go to go.
I'm a p@@ a@@ r@@ t@@ e@@ d.
Do you know?
I'm to know that.
I'm a p@@ a@@ r@@ t@@ e@@ d.
I'm to go.
Do you know?
I'm to go.
I'm to go.
I'm to do you.
I'm to go.
I'm to go.
I don't want to go to help.
I'm to do you.
I'm to go.
Do you know that?
I'm to go.
I'm to Tom.
I'm a p@@ a@@ r@@ t@@ e@@ d.
I don't know that.
I'm to go.
Do you know that?
I'm to go.
I'm to go to help.
I'm a p@@ a@@ r@@ t@@ e@@ d.
I'm a p@@ a@@ r@@ t@@ e@@ d.
I don't know that.
I'm not to do you know that.
I'm to go to go.
Do you know that?
I'm to go.
Do you know that?
I'm to go to.
I'm not to go to go.
I'm to go.
I'm to Tom.
Do you know?
I'm not to do you know that.
I'm a p@@ r@@ o@@ u@@ n@@ d.
Do you know?
Do you know?
I'm to go to go.
I'm to Tom.
I'm a p@@ r@@ o@@ u@@ n@@ d.
I'm to go to go.
I'm to go to go.
I'm to go.
I'm to go to.
I don't know that.
I'm a p@@ a@@ r@@ t@@ e@@ d.
I'm a p@@ a@@ r@@ t@@ e@@ d.
I'm to Tom.
I don't know that.
I'm to go.
I'm to go to help.
I'm to do.
Do you know?
I'm to go.
I'm to go.
Do you know?
I'm to go.
I'm to go.
I'm to do you.
I'm to go.
I'm to go.
I'm to go.
Do you know?
I'm to go.
I'm to go to help.
I'm a p@@ a@@ r@@ t@@ e@@ d.
I'm to go to.
I'm to go to.
Do you know that?
I'm to go.
I'm a p@@ a@@ r@@ t@@ e@@ d.
I'm to go to do.
I'm to go.
Do you know?
I'm to do you.
I'm to go to help.
I'm to go to go.
I'm to do.
Do you know?
I'm to go to go.
Do you know that?
I'm to go.
I'm to go.
I don't want to go.
I'm to go.
I'm to go.
Do you know that you't know?
I'm to Tom.
I'm a p@@ a@@ r@@ t@@ e@@ d.
Do you know?
I'm to go.
I'm to do you.
Do you know that?
I'm to go.
Do you know that?
I'm a p@@ a@@ r@@ t@@ e@@ d.
I'm to go.
I'm a p@@ a@@ r@@ t@@ e@@ d.
Do you know that?
I'm a p@@ r@@ o@@ u@@ n@@ d.
I don't know that.
Do you know that?
I'm to go.
I'm to do.
I'm to go.
I'm to go to help.
I'm to go.
I'm to go.
I'm to do.
I'm to go.
Do you know?
Do you know?
Don't you know that.
I don't know that.
Do you know?
Do you know?
I'm to Tom.
I'm to do that.
I'm to go.
I'm a p@@ a@@ r@@ t@@ e@@ d to you.
I'm to go.
I'm to go.
I'm to go.
I'm a p@@ a@@ r@@ t@@ e@@ d.
I don't want to go.
I'm to go.
I'm to Tom.
I'm a p@@ a@@ r@@ t@@ e@@ d.
I'm a p@@ r@@ o@@ u@@ n@@ d.
I'm to go to go.
I don't know that I'm to do that.
I'm to go to.
I'm a p@@ a@@ r@@ t@@ e@@ d to the p@@ a@@ r@@ t@@ e@@ d.
I'm to go to do you.
I'm to go.
I'm a p@@ a@@ r@@ t@@ e@@ d.
Do you know?
I don't know that I can't know that.
I'm to go.
Do you know?
I'm to go.
I'm not to do you.
I'm not to go to go.
I'm to do you know that.
I'm to go.
I don't know that I don't know that.
I'm to go.
Do you know?
Do you know that?
I'm to go.
Don't you to go to.
I'm a p@@ r@@ o@@ u@@ n@@ d.
I'm to go.
I'm a p@@ r@@ o@@ u@@ n@@ d.
Do you know?
I'm to go.
I'm to go.
I don't know that.
I'm to go.
I'm a p@@ a@@ r@@ t@@ e@@ d.
I'm a p@@ r@@ o@@ u@@ n@@ d.
I'm to go to go.
I'm to Tom.
I'm to go.
Do you know that?
I'm a p@@ r@@ o@@ u@@ n@@ d to do you.
I'm to do you.
I'm to go.
I'm to do you.
I'm to go.
I'm to go.
Do you know?
I'm to go to.
I'm to go.
I'm to go.
I'm to go to go.
I'm to go.
I'm to Tom.
I'm to do you.
I'm to go.
Do you know that you't know?
Do you know?
I'm to do that.
I'm to go.
Do you know?
Do you know that?
I'm't know that.
I'm a p@@ a@@ r@@ t@@ e@@ d.
Do you know that?
I'm to do you.
I don't know that.
I'm to go.
I'm a p@@ r@@ o@@ u@@ n@@ d.
I'm to go.
I'm to go to go.
I'm to Tom.
Do you know?
I'm to go to go.
I'm to go to go.
I'm to go to go.
I don't know that I'm not to do.
I'm to go.
Do you know?
I'm to go to go.
I'm a p@@ a@@ r@@ t@@ e@@ d.
I'm not to do you.
I'm to do you.
I'm to go.
I'm to do.
I'm to go.
I'm a p@@ a@@ r@@ t@@ e@@ d.
I don't know that I'm not to do.
I'm to go.
I'm to go.
I'm to go.
I don't know that.
I'm to go.
I'm a p@@ a@@ r@@ t@@ e@@ d.
I'm to go.
I'm to go to help.
Do you know?
I'm to go.
I'm to go to help.
Do you know?
I'm to go.
I'm to go.
Do you know?
I'm to go.
I'm to do you.
I'm a p@@ a@@ r@@ t@@ e@@ d.
I'm't know that I'm't know.
I'm a p@@ r@@ o@@ u@@ n@@ d.
I'm a p@@ a@@ r@@ t@@ e@@ d.
Do you know?
I'm to go.
Do you know?
I'm to go to go.
I'm to go to go.
I'm a p@@ a@@ r@@ t@@ e.
I'm to go.
I'm to go.
I'm to go.
